Using pre-set license
Built from '2020.3/staging' branch; Version is '2020.3.14f1 (d0d1bb862f9d) revision 13685179'; Using compiler version '192528614'; Build Type 'Release'
OS: 'Windows 10 Pro; OS build 19042.1237; Version 2009; 64bit' Language: 'pl' Physical Memory: 16375 MB
BatchMode: 1, IsHumanControllingUs: 0, StartBugReporterOnCrash: 0, Is64bit: 1, IsPro: 0

 COMMAND LINE ARGUMENTS:
D:\Unity\Unity engine\2020.3.14f1\Editor\Unity.exe
-adb2
-batchMode
-noUpm
-name
AssetImportWorker0
-projectPath
G:/FID 2/Gamejam/Unity/Github/nowe/Slavomir
-logFile
Logs/AssetImportWorker0.log
-srvPort
55708
Successfully changed project path to: G:/FID 2/Gamejam/Unity/Github/nowe/Slavomir
G:/FID 2/Gamejam/Unity/Github/nowe/Slavomir
Using Asset Import Pipeline V2.
Refreshing native plugins compatible for Editor in 142.80 ms, found 2 plugins.
Preloading 0 native plugins for Editor in 0.00 ms.
Initialize engine version: 2020.3.14f1 (d0d1bb862f9d)
[Subsystems] Discovering subsystems at path D:/Unity/Unity engine/2020.3.14f1/Editor/Data/Resources/UnitySubsystems
[Subsystems] Discovering subsystems at path G:/FID 2/Gamejam/Unity/Github/nowe/Slavomir/Assets
GfxDevice: creating device client; threaded=0
Direct3D:
    Version:  Direct3D 11.0 [level 11.1]
    Renderer: NVIDIA GeForce GTX 970 (ID=0x13c2)
    Vendor:   
    VRAM:     4043 MB
    Driver:   27.21.14.6663
Initialize mono
Mono path[0] = 'D:/Unity/Unity engine/2020.3.14f1/Editor/Data/Managed'
Mono path[1] = 'D:/Unity/Unity engine/2020.3.14f1/Editor/Data/MonoBleedingEdge/lib/mono/unityjit'
Mono config path = 'D:/Unity/Unity engine/2020.3.14f1/Editor/Data/MonoBleedingEdge/etc'
Using monoOptions --debugger-agent=transport=dt_socket,embedding=1,server=y,suspend=n,address=127.0.0.1:56600
Begin MonoManager ReloadAssembly
Registering precompiled unity dll's ...
Register platform support module: D:/Unity/Unity engine/2020.3.14f1/Editor/Data/PlaybackEngines/WebGLSupport/UnityEditor.WebGL.Extensions.dll
Register platform support module: D:/Unity/Unity engine/2020.3.14f1/Editor/Data/PlaybackEngines/WindowsStandaloneSupport/UnityEditor.WindowsStandalone.Extensions.dll
Registered in 0.004971 seconds.
Native extension for WindowsStandalone target not found
Native extension for WebGL target not found
Refreshing native plugins compatible for Editor in 222.30 ms, found 2 plugins.
Preloading 0 native plugins for Editor in 0.00 ms.
Mono: successfully reloaded assembly
- Completed reload, in  3.055 seconds
Domain Reload Profiling:
	ReloadAssembly (3055ms)
		BeginReloadAssembly (112ms)
			ExecutionOrderSort (0ms)
			DisableScriptedObjects (0ms)
			BackupInstance (0ms)
			ReleaseScriptingObjects (0ms)
			CreateAndSetChildDomain (1ms)
		EndReloadAssembly (1214ms)
			LoadAssemblies (113ms)
			RebuildTransferFunctionScriptingTraits (0ms)
			SetupTypeCache (435ms)
			ReleaseScriptCaches (0ms)
			RebuildScriptCaches (87ms)
			SetupLoadedEditorAssemblies (500ms)
				LogAssemblyErrors (0ms)
				InitializePlatformSupportModulesInManaged (12ms)
				SetLoadedEditorAssemblies (1ms)
				RefreshPlugins (223ms)
				BeforeProcessingInitializeOnLoad (33ms)
				ProcessInitializeOnLoadAttributes (166ms)
				ProcessInitializeOnLoadMethodAttributes (65ms)
				AfterProcessingInitializeOnLoad (0ms)
				EditorAssembliesLoaded (1ms)
			ExecutionOrderSort2 (0ms)
			AwakeInstancesAfterBackupRestoration (0ms)
Platform modules already initialized, skipping
Registering precompiled user dll's ...
Registered in 0.014391 seconds.
Begin MonoManager ReloadAssembly
Native extension for WindowsStandalone target not found
Native extension for WebGL target not found
Refreshing native plugins compatible for Editor in 179.45 ms, found 2 plugins.
Preloading 0 native plugins for Editor in 0.00 ms.
Mono: successfully reloaded assembly
- Completed reload, in  2.971 seconds
Domain Reload Profiling:
	ReloadAssembly (2972ms)
		BeginReloadAssembly (319ms)
			ExecutionOrderSort (0ms)
			DisableScriptedObjects (12ms)
			BackupInstance (0ms)
			ReleaseScriptingObjects (0ms)
			CreateAndSetChildDomain (33ms)
		EndReloadAssembly (2537ms)
			LoadAssemblies (233ms)
			RebuildTransferFunctionScriptingTraits (0ms)
			SetupTypeCache (711ms)
			ReleaseScriptCaches (1ms)
			RebuildScriptCaches (178ms)
			SetupLoadedEditorAssemblies (1197ms)
				LogAssemblyErrors (0ms)
				InitializePlatformSupportModulesInManaged (8ms)
				SetLoadedEditorAssemblies (0ms)
				RefreshPlugins (180ms)
				BeforeProcessingInitializeOnLoad (194ms)
				ProcessInitializeOnLoadAttributes (517ms)
				ProcessInitializeOnLoadMethodAttributes (290ms)
				AfterProcessingInitializeOnLoad (7ms)
				EditorAssembliesLoaded (0ms)
			ExecutionOrderSort2 (0ms)
			AwakeInstancesAfterBackupRestoration (14ms)
Platform modules already initialized, skipping
========================================================================
Worker process is ready to serve import requests
Launched and connected shader compiler UnityShaderCompiler.exe after 0.06 seconds
Refreshing native plugins compatible for Editor in 1.71 ms, found 2 plugins.
Preloading 0 native plugins for Editor in 0.00 ms.
Unloading 4055 Unused Serialized files (Serialized files now loaded: 0)
System memory in use before: 200.6 MB.
System memory in use after: 200.8 MB.

Unloading 20 unused Assets to reduce memory usage. Loaded Objects now: 4505.
Total: 4.223600 ms (FindLiveObjects: 0.439400 ms CreateObjectMapping: 0.218900 ms MarkObjects: 3.456900 ms  DeleteObjects: 0.106300 ms)

AssetImportParameters requested are different than current active one (requested -> active):
  custom:framework-win-MediaFoundation: 216162199b28c13a410421893ffa2e32 -> 
  custom:video-decoder-ogg-theora: a1e56fd34408186e4bbccfd4996cb3dc -> 
  custom:container-muxer-webm: aa71ff27fc2769a1b78a27578f13a17b -> 
  custom:container-demuxer-webm: 4f35f7cbe854078d1ac9338744f61a02 -> 
  custom:container-demuxer-ogg: 62fdf1f143b41e24485cea50d1cbac27 -> 
  custom:video-encoder-webm-vp8: eb34c28f22e8b96e1ab97ce403110664 -> 
  custom:video-decoder-webm-vp8: 9c59270c3fd7afecdb556c50c9e8de78 -> 
  custom:audio-decoder-ogg-vorbis: bf7c407c2cedff20999df2af8eb42d56 -> 
  custom:audio-encoder-webm-vorbis: bf7c407c2cedff20999df2af8eb42d56 -> 
========================================================================
Received Import Request.
  path: Assets/Scenes/Minigierki/701_Zakopane/701_Zakopane_Strzelanie.unity
  artifactKey: Guid(9c7b2495bb30ea5489bec30a34f04d2a) Importer(815301076,1909f56bfc062723c751e8b465ee728b)
Start importing Assets/Scenes/Minigierki/701_Zakopane/701_Zakopane_Strzelanie.unity using Guid(9c7b2495bb30ea5489bec30a34f04d2a) Importer(815301076,1909f56bfc062723c751e8b465ee728b)  -> (artifact id: 'c70870060c8f5d7c1d432e8234062e03') in 0.196746 seconds 
  Import took 0.204918 seconds .

========================================================================
Received Import Request.
  Time since last request: 21.538337 seconds.
  path: Assets/Scenes/Minigierki/702_Krakow
  artifactKey: Guid(d087bc46abbc16c4ca0d0e10f02acb4e) Importer(815301076,1909f56bfc062723c751e8b465ee728b)
Start importing Assets/Scenes/Minigierki/702_Krakow using Guid(d087bc46abbc16c4ca0d0e10f02acb4e) Importer(815301076,1909f56bfc062723c751e8b465ee728b)  -> (artifact id: 'c4bc1cc0aeff89ffb17669d5f199d7fe') in 0.036301 seconds 
  Import took 0.044609 seconds .

========================================================================
Received Import Request.
  Time since last request: 0.000587 seconds.
  path: Assets/Scenes/Minigierki/702_Krakow
  artifactKey: Guid(d087bc46abbc16c4ca0d0e10f02acb4e) Importer(815301076,1909f56bfc062723c751e8b465ee728b)
Start importing Assets/Scenes/Minigierki/702_Krakow using Guid(d087bc46abbc16c4ca0d0e10f02acb4e) Importer(815301076,1909f56bfc062723c751e8b465ee728b)  -> (artifact id: 'c4bc1cc0aeff89ffb17669d5f199d7fe') in 0.013501 seconds 
  Import took 0.024403 seconds .

========================================================================
Received Import Request.
  Time since last request: 10.349906 seconds.
  path: Assets/Scenes/zajazdy/702_Krakow_zajazd_miejski4.unity
  artifactKey: Guid(3a95027b414cb6a4fbd9af4f9396a6f5) Importer(815301076,1909f56bfc062723c751e8b465ee728b)
Start importing Assets/Scenes/zajazdy/702_Krakow_zajazd_miejski4.unity using Guid(3a95027b414cb6a4fbd9af4f9396a6f5) Importer(815301076,1909f56bfc062723c751e8b465ee728b)  -> (artifact id: 'dc5b1e2c685e3d85781da2e4a28e3f1d') in 0.017681 seconds 
  Import took 0.026449 seconds .

========================================================================
Received Prepare
Registering precompiled user dll's ...
Registered in 0.012505 seconds.
Begin MonoManager ReloadAssembly
Native extension for WindowsStandalone target not found
Native extension for WebGL target not found
Refreshing native plugins compatible for Editor in 2.68 ms, found 2 plugins.
Preloading 0 native plugins for Editor in 0.00 ms.
Mono: successfully reloaded assembly
- Completed reload, in  2.560 seconds
Domain Reload Profiling:
	ReloadAssembly (2561ms)
		BeginReloadAssembly (244ms)
			ExecutionOrderSort (0ms)
			DisableScriptedObjects (10ms)
			BackupInstance (0ms)
			ReleaseScriptingObjects (0ms)
			CreateAndSetChildDomain (62ms)
		EndReloadAssembly (2207ms)
			LoadAssemblies (230ms)
			RebuildTransferFunctionScriptingTraits (0ms)
			SetupTypeCache (722ms)
			ReleaseScriptCaches (2ms)
			RebuildScriptCaches (168ms)
			SetupLoadedEditorAssemblies (771ms)
				LogAssemblyErrors (0ms)
				InitializePlatformSupportModulesInManaged (10ms)
				SetLoadedEditorAssemblies (1ms)
				RefreshPlugins (3ms)
				BeforeProcessingInitializeOnLoad (183ms)
				ProcessInitializeOnLoadAttributes (550ms)
				ProcessInitializeOnLoadMethodAttributes (18ms)
				AfterProcessingInitializeOnLoad (6ms)
				EditorAssembliesLoaded (0ms)
			ExecutionOrderSort2 (0ms)
			AwakeInstancesAfterBackupRestoration (34ms)
Platform modules already initialized, skipping
Refreshing native plugins compatible for Editor in 2.01 ms, found 2 plugins.
Preloading 0 native plugins for Editor in 0.00 ms.
Unloading 3728 Unused Serialized files (Serialized files now loaded: 0)
System memory in use before: 181.3 MB.
System memory in use after: 181.5 MB.

Unloading 15 unused Assets to reduce memory usage. Loaded Objects now: 4507.
Total: 5.898300 ms (FindLiveObjects: 0.701900 ms CreateObjectMapping: 0.291200 ms MarkObjects: 4.872400 ms  DeleteObjects: 0.030800 ms)

AssetImportParameters requested are different than current active one (requested -> active):
  custom:framework-win-MediaFoundation: 216162199b28c13a410421893ffa2e32 -> 
  custom:video-decoder-ogg-theora: a1e56fd34408186e4bbccfd4996cb3dc -> 
  custom:container-muxer-webm: aa71ff27fc2769a1b78a27578f13a17b -> 
  custom:container-demuxer-webm: 4f35f7cbe854078d1ac9338744f61a02 -> 
  custom:container-demuxer-ogg: 62fdf1f143b41e24485cea50d1cbac27 -> 
  custom:video-encoder-webm-vp8: eb34c28f22e8b96e1ab97ce403110664 -> 
  custom:video-decoder-webm-vp8: 9c59270c3fd7afecdb556c50c9e8de78 -> 
  custom:audio-decoder-ogg-vorbis: bf7c407c2cedff20999df2af8eb42d56 -> 
  custom:audio-encoder-webm-vorbis: bf7c407c2cedff20999df2af8eb42d56 -> 
========================================================================
Received Import Request.
  Time since last request: 449.181056 seconds.
  path: Assets/Scenes/Minigierki/702_Krakow/702_Krakow_Pojedynek.unity
  artifactKey: Guid(60ce4c2871df7ea4eb18a9cb35e8d5fb) Importer(815301076,1909f56bfc062723c751e8b465ee728b)
Start importing Assets/Scenes/Minigierki/702_Krakow/702_Krakow_Pojedynek.unity using Guid(60ce4c2871df7ea4eb18a9cb35e8d5fb) Importer(815301076,1909f56bfc062723c751e8b465ee728b)  -> (artifact id: 'fac450637d26e6d6adbf7ab16a28104d') in 0.060172 seconds 
  Import took 0.069880 seconds .

========================================================================
Received Import Request.
  Time since last request: 391.633081 seconds.
  path: Assets/Scenes/Minigierki/702_Krakow/702_Krakow_Strzelanie.unity
  artifactKey: Guid(f3fa971d85702734b9daf5332c1bee2a) Importer(815301076,1909f56bfc062723c751e8b465ee728b)
Start importing Assets/Scenes/Minigierki/702_Krakow/702_Krakow_Strzelanie.unity using Guid(f3fa971d85702734b9daf5332c1bee2a) Importer(815301076,1909f56bfc062723c751e8b465ee728b)  -> (artifact id: 'b84eb1e148c15d8a00b2208904d8aa6e') in 0.015280 seconds 
  Import took 0.025161 seconds .

========================================================================
Received Import Request.
  Time since last request: 19.000335 seconds.
  path: Assets/Scenes/Minigierki/702_Krakow/702_Krakow_Konie.unity
  artifactKey: Guid(6874ec7c168329946a75fd6a4675e0aa) Importer(815301076,1909f56bfc062723c751e8b465ee728b)
Start importing Assets/Scenes/Minigierki/702_Krakow/702_Krakow_Konie.unity using Guid(6874ec7c168329946a75fd6a4675e0aa) Importer(815301076,1909f56bfc062723c751e8b465ee728b)  -> (artifact id: 'cd110ee52f02f42322125a6bf1ee6302') in 0.016530 seconds 
  Import took 0.025086 seconds .

========================================================================
Received Import Request.
  Time since last request: 9.503973 seconds.
  path: Assets/Scenes/Minigierki/702_Krakow/702_Krakow_Picie.unity
  artifactKey: Guid(e4772431fca72224795cffa4d44b2c3e) Importer(815301076,1909f56bfc062723c751e8b465ee728b)
Start importing Assets/Scenes/Minigierki/702_Krakow/702_Krakow_Picie.unity using Guid(e4772431fca72224795cffa4d44b2c3e) Importer(815301076,1909f56bfc062723c751e8b465ee728b)  -> (artifact id: '0b47f23a80540c1e22b45e5f1f290a3a') in 0.029051 seconds 
  Import took 0.037512 seconds .

========================================================================
Received Import Request.
  Time since last request: 511.041618 seconds.
  path: Assets/Scenes/Minigierki/702_Krakow/702_Krakow_Konie.unity
  artifactKey: Guid(6874ec7c168329946a75fd6a4675e0aa) Importer(815301076,1909f56bfc062723c751e8b465ee728b)
Start importing Assets/Scenes/Minigierki/702_Krakow/702_Krakow_Konie.unity using Guid(6874ec7c168329946a75fd6a4675e0aa) Importer(815301076,1909f56bfc062723c751e8b465ee728b)  -> (artifact id: '37d74bbda0f7013445697dbc14ddd362') in 0.017283 seconds 
  Import took 0.027647 seconds .

========================================================================
Received Import Request.
  Time since last request: 0.655451 seconds.
  path: Assets/Scenes/Minigierki/702_Krakow/702_Krakow_Picie.unity
  artifactKey: Guid(e4772431fca72224795cffa4d44b2c3e) Importer(815301076,1909f56bfc062723c751e8b465ee728b)
Start importing Assets/Scenes/Minigierki/702_Krakow/702_Krakow_Picie.unity using Guid(e4772431fca72224795cffa4d44b2c3e) Importer(815301076,1909f56bfc062723c751e8b465ee728b)  -> (artifact id: 'fe27a03f104b0a0cb9e74b781c5e1352') in 0.014536 seconds 
  Import took 0.023571 seconds .

========================================================================
Received Prepare
Registering precompiled user dll's ...
Registered in 0.010235 seconds.
Begin MonoManager ReloadAssembly
Native extension for WindowsStandalone target not found
Native extension for WebGL target not found
Refreshing native plugins compatible for Editor in 1.24 ms, found 2 plugins.
Preloading 0 native plugins for Editor in 0.00 ms.
Mono: successfully reloaded assembly
- Completed reload, in  2.214 seconds
Domain Reload Profiling:
	ReloadAssembly (2214ms)
		BeginReloadAssembly (204ms)
			ExecutionOrderSort (0ms)
			DisableScriptedObjects (8ms)
			BackupInstance (0ms)
			ReleaseScriptingObjects (0ms)
			CreateAndSetChildDomain (59ms)
		EndReloadAssembly (1912ms)
			LoadAssemblies (205ms)
			RebuildTransferFunctionScriptingTraits (0ms)
			SetupTypeCache (629ms)
			ReleaseScriptCaches (2ms)
			RebuildScriptCaches (142ms)
			SetupLoadedEditorAssemblies (663ms)
				LogAssemblyErrors (0ms)
				InitializePlatformSupportModulesInManaged (9ms)
				SetLoadedEditorAssemblies (1ms)
				RefreshPlugins (1ms)
				BeforeProcessingInitializeOnLoad (165ms)
				ProcessInitializeOnLoadAttributes (465ms)
				ProcessInitializeOnLoadMethodAttributes (15ms)
				AfterProcessingInitializeOnLoad (6ms)
				EditorAssembliesLoaded (0ms)
			ExecutionOrderSort2 (0ms)
			AwakeInstancesAfterBackupRestoration (28ms)
Platform modules already initialized, skipping
Refreshing native plugins compatible for Editor in 1.26 ms, found 2 plugins.
Preloading 0 native plugins for Editor in 0.00 ms.
Unloading 3728 Unused Serialized files (Serialized files now loaded: 0)
System memory in use before: 181.4 MB.
System memory in use after: 181.6 MB.

Unloading 15 unused Assets to reduce memory usage. Loaded Objects now: 4509.
Total: 4.046700 ms (FindLiveObjects: 0.425400 ms CreateObjectMapping: 0.222700 ms MarkObjects: 3.357500 ms  DeleteObjects: 0.039200 ms)

AssetImportParameters requested are different than current active one (requested -> active):
  custom:framework-win-MediaFoundation: 216162199b28c13a410421893ffa2e32 -> 
  custom:video-decoder-ogg-theora: a1e56fd34408186e4bbccfd4996cb3dc -> 
  custom:container-muxer-webm: aa71ff27fc2769a1b78a27578f13a17b -> 
  custom:container-demuxer-webm: 4f35f7cbe854078d1ac9338744f61a02 -> 
  custom:container-demuxer-ogg: 62fdf1f143b41e24485cea50d1cbac27 -> 
  custom:video-encoder-webm-vp8: eb34c28f22e8b96e1ab97ce403110664 -> 
  custom:video-decoder-webm-vp8: 9c59270c3fd7afecdb556c50c9e8de78 -> 
  custom:audio-decoder-ogg-vorbis: bf7c407c2cedff20999df2af8eb42d56 -> 
  custom:audio-encoder-webm-vorbis: bf7c407c2cedff20999df2af8eb42d56 -> 
========================================================================
Received Import Request.
  Time since last request: 312.879071 seconds.
  path: Assets/Scenes/Minigierki/702_Krakow/702_Krakow_Pojedynek.unity
  artifactKey: Guid(60ce4c2871df7ea4eb18a9cb35e8d5fb) Importer(815301076,1909f56bfc062723c751e8b465ee728b)
Start importing Assets/Scenes/Minigierki/702_Krakow/702_Krakow_Pojedynek.unity using Guid(60ce4c2871df7ea4eb18a9cb35e8d5fb) Importer(815301076,1909f56bfc062723c751e8b465ee728b)  -> (artifact id: 'a136f682f8c916312a79aa405fd7346e') in 0.053365 seconds 
  Import took 0.064687 seconds .

========================================================================
Received Import Request.
  Time since last request: 75.225934 seconds.
  path: Assets/Models/LMHPOLY_Assets/Models/Nature/rpgpp_lt_rocks_tiny_01.fbx
  artifactKey: Guid(2e716c43576f71b4aa87e6cb4ebeaeab) Importer(815301076,1909f56bfc062723c751e8b465ee728b)
Start importing Assets/Models/LMHPOLY_Assets/Models/Nature/rpgpp_lt_rocks_tiny_01.fbx using Guid(2e716c43576f71b4aa87e6cb4ebeaeab) Importer(815301076,1909f56bfc062723c751e8b465ee728b) Launched and connected shader compiler UnityShaderCompiler.exe after 0.06 seconds
Launched and connected shader compiler UnityShaderCompiler.exe after 0.06 seconds
Launched and connected shader compiler UnityShaderCompiler.exe after 0.07 seconds
Launched and connected shader compiler UnityShaderCompiler.exe after 0.08 seconds
Launched and connected shader compiler UnityShaderCompiler.exe after 0.08 seconds
 -> (artifact id: 'c00c9d9baa3e49e312fa4d4041d30311') in 1.703752 seconds 
  Import took 1.724473 seconds .

========================================================================
Received Import Request.
  Time since last request: 0.000326 seconds.
  path: Assets/Models/Foliage/Drzewo/Drzewo_bez_lisci.fbx
  artifactKey: Guid(64100bbbadbbea44192ee4fe2e0d3f1c) Importer(815301076,1909f56bfc062723c751e8b465ee728b)
Start importing Assets/Models/Foliage/Drzewo/Drzewo_bez_lisci.fbx using Guid(64100bbbadbbea44192ee4fe2e0d3f1c) Importer(815301076,1909f56bfc062723c751e8b465ee728b)  -> (artifact id: 'add33296ab042290ebb7220134bdefb7') in 0.191649 seconds 
  Import took 0.200830 seconds .

========================================================================
Received Import Request.
  Time since last request: 0.000416 seconds.
  path: Assets/Models/Foliage/Kamyki/rpgpp_lt_rocks_tiny_01.prefab
  artifactKey: Guid(e1154cf6ac27b2f45b4ae35582e7e363) Importer(815301076,1909f56bfc062723c751e8b465ee728b)
Start importing Assets/Models/Foliage/Kamyki/rpgpp_lt_rocks_tiny_01.prefab using Guid(e1154cf6ac27b2f45b4ae35582e7e363) Importer(815301076,1909f56bfc062723c751e8b465ee728b)  -> (artifact id: 'd69991f4b09b2dd91bfc7452095f3995') in 0.058396 seconds 
  Import took 0.067270 seconds .

========================================================================
Received Import Request.
  Time since last request: 0.000292 seconds.
  path: Assets/Models/Foliage/Kamyki/kamyk6.fbx
  artifactKey: Guid(ade3e1b6b705e7d4b9102445a4ec68d2) Importer(815301076,1909f56bfc062723c751e8b465ee728b)
Start importing Assets/Models/Foliage/Kamyki/kamyk6.fbx using Guid(ade3e1b6b705e7d4b9102445a4ec68d2) Importer(815301076,1909f56bfc062723c751e8b465ee728b)  -> (artifact id: 'fc8bb8ddeb5ee946a8812422dcb98670') in 0.071803 seconds 
  Import took 0.083030 seconds .

========================================================================
Received Import Request.
  Time since last request: 0.000424 seconds.
  path: Assets/Models/Foliage/kwaitki_trawa/rpgpp_lt_flower_03.prefab
  artifactKey: Guid(f71e980e020ab924ebed9a227a648ec8) Importer(815301076,1909f56bfc062723c751e8b465ee728b)
Start importing Assets/Models/Foliage/kwaitki_trawa/rpgpp_lt_flower_03.prefab using Guid(f71e980e020ab924ebed9a227a648ec8) Importer(815301076,1909f56bfc062723c751e8b465ee728b)  -> (artifact id: 'e8adb9381e6cc2882d20091342243989') in 0.096725 seconds 
  Import took 0.106275 seconds .

========================================================================
Received Import Request.
  Time since last request: 0.000396 seconds.
  path: Assets/Models/Foliage/kwaitki_trawa/rpgpp_lt_flower_02.prefab
  artifactKey: Guid(186ecc7a1f977cc4fab5658c00fa3c4d) Importer(815301076,1909f56bfc062723c751e8b465ee728b)
Start importing Assets/Models/Foliage/kwaitki_trawa/rpgpp_lt_flower_02.prefab using Guid(186ecc7a1f977cc4fab5658c00fa3c4d) Importer(815301076,1909f56bfc062723c751e8b465ee728b)  -> (artifact id: '6382dbb4c27e4689f557ebadbd5226bf') in 0.057135 seconds 
  Import took 0.068802 seconds .

========================================================================
Received Import Request.
  Time since last request: 0.000433 seconds.
  path: Assets/Models/Foliage/kwaitki_trawa/rpgpp_lt_flower_03.prefab
  artifactKey: Guid(f71e980e020ab924ebed9a227a648ec8) Importer(815301076,1909f56bfc062723c751e8b465ee728b)
Start importing Assets/Models/Foliage/kwaitki_trawa/rpgpp_lt_flower_03.prefab using Guid(f71e980e020ab924ebed9a227a648ec8) Importer(815301076,1909f56bfc062723c751e8b465ee728b)  -> (artifact id: 'e8adb9381e6cc2882d20091342243989') in 0.051414 seconds 
  Import took 0.060455 seconds .

========================================================================
Received Import Request.
  Time since last request: 0.000377 seconds.
  path: Assets/Models/Foliage/kwaitki_trawa/rpgpp_lt_grass_small_01a.prefab
  artifactKey: Guid(00e2e59cbc04eab4a982218df54ce70b) Importer(815301076,1909f56bfc062723c751e8b465ee728b)
Start importing Assets/Models/Foliage/kwaitki_trawa/rpgpp_lt_grass_small_01a.prefab using Guid(00e2e59cbc04eab4a982218df54ce70b) Importer(815301076,1909f56bfc062723c751e8b465ee728b)  -> (artifact id: '0f3a5692ffe33c8621cc4ea253d886f5') in 0.056756 seconds 
  Import took 0.069910 seconds .

========================================================================
Received Import Request.
  Time since last request: 0.000416 seconds.
  path: Assets/Models/Foliage/kwaitki_trawa/trawa_snow.fbx
  artifactKey: Guid(3b533d17dc01f6d43a6d843e95e3f58d) Importer(815301076,1909f56bfc062723c751e8b465ee728b)
Start importing Assets/Models/Foliage/kwaitki_trawa/trawa_snow.fbx using Guid(3b533d17dc01f6d43a6d843e95e3f58d) Importer(815301076,1909f56bfc062723c751e8b465ee728b)  -> (artifact id: '5f05483bdc45c10e2e7b5bf3b6e0c9cb') in 0.078526 seconds 
  Import took 0.089813 seconds .

========================================================================
Received Import Request.
  Time since last request: 0.000302 seconds.
  path: Assets/Models/Foliage/kwaitki_trawa/rpgpp_lt_plant_02.prefab
  artifactKey: Guid(e85c18dfba00c9540859ea847782af5b) Importer(815301076,1909f56bfc062723c751e8b465ee728b)
Start importing Assets/Models/Foliage/kwaitki_trawa/rpgpp_lt_plant_02.prefab using Guid(e85c18dfba00c9540859ea847782af5b) Importer(815301076,1909f56bfc062723c751e8b465ee728b)  -> (artifact id: '6a3cc0ebf1b3c729c8dffa979a604fa9') in 0.056791 seconds 
  Import took 0.066278 seconds .

========================================================================
Received Import Request.
  Time since last request: 0.000456 seconds.
  path: Assets/Models/Foliage/Kamyki/rpgpp_lt_rock_small_01.prefab
  artifactKey: Guid(dc9954dcaaaee02409e17bacb3dcc453) Importer(815301076,1909f56bfc062723c751e8b465ee728b)
Start importing Assets/Models/Foliage/Kamyki/rpgpp_lt_rock_small_01.prefab using Guid(dc9954dcaaaee02409e17bacb3dcc453) Importer(815301076,1909f56bfc062723c751e8b465ee728b)  -> (artifact id: '776579d056b0ddbe850381e8a6ae93a8') in 0.057867 seconds 
  Import took 0.067125 seconds .

========================================================================
Received Import Request.
  Time since last request: 0.000378 seconds.
  path: Assets/Models/Foliage/kwaitki_trawa/rpgpp_lt_plant_01.prefab
  artifactKey: Guid(5286e490afadac545ae3a1595b1e96e1) Importer(815301076,1909f56bfc062723c751e8b465ee728b)
Start importing Assets/Models/Foliage/kwaitki_trawa/rpgpp_lt_plant_01.prefab using Guid(5286e490afadac545ae3a1595b1e96e1) Importer(815301076,1909f56bfc062723c751e8b465ee728b)  -> (artifact id: 'c71f054ea01d977e677167981037e280') in 0.064554 seconds 
  Import took 0.075619 seconds .

========================================================================
Received Import Request.
  Time since last request: 0.000362 seconds.
  path: Assets/Models/Foliage/Drzewo/Drzewo_iglaste_snieg.fbx
  artifactKey: Guid(3f38f738ebbc1164ab4f23d4850f32e8) Importer(815301076,1909f56bfc062723c751e8b465ee728b)
Start importing Assets/Models/Foliage/Drzewo/Drzewo_iglaste_snieg.fbx using Guid(3f38f738ebbc1164ab4f23d4850f32e8) Importer(815301076,1909f56bfc062723c751e8b465ee728b)  -> (artifact id: '8439267ee95f5e1e4b97cf40e15d76d0') in 0.152228 seconds 
  Import took 0.161058 seconds .

========================================================================
Received Import Request.
  Time since last request: 0.000345 seconds.
  path: Assets/Models/Foliage/kwaitki_trawa/kwiatek.fbx
  artifactKey: Guid(90fd7eadaca10ff4da0832fbde573dad) Importer(815301076,1909f56bfc062723c751e8b465ee728b)
Start importing Assets/Models/Foliage/kwaitki_trawa/kwiatek.fbx using Guid(90fd7eadaca10ff4da0832fbde573dad) Importer(815301076,1909f56bfc062723c751e8b465ee728b)  -> (artifact id: '105cc106355b94ccb3622010df28d601') in 0.075979 seconds 
  Import took 0.085542 seconds .

========================================================================
Received Import Request.
  Time since last request: 0.000569 seconds.
  path: Assets/Models/Foliage/kwaitki_trawa/trawa.fbx
  artifactKey: Guid(989fadbaa6cf361438e620cdfdbc4d45) Importer(815301076,1909f56bfc062723c751e8b465ee728b)
Start importing Assets/Models/Foliage/kwaitki_trawa/trawa.fbx using Guid(989fadbaa6cf361438e620cdfdbc4d45) Importer(815301076,1909f56bfc062723c751e8b465ee728b)  -> (artifact id: '8aac41cb1824102a87a1b0646f0f89bc') in 0.191271 seconds 
  Import took 0.200954 seconds .

========================================================================
Received Import Request.
  Time since last request: 0.000474 seconds.
  path: Assets/Models/Foliage/kwaitki_trawa/wysoka_trawa.fbx
  artifactKey: Guid(6e65c5c883a61ef4f99db92212be9c57) Importer(815301076,1909f56bfc062723c751e8b465ee728b)
Start importing Assets/Models/Foliage/kwaitki_trawa/wysoka_trawa.fbx using Guid(6e65c5c883a61ef4f99db92212be9c57) Importer(815301076,1909f56bfc062723c751e8b465ee728b)  -> (artifact id: 'daed2ef6cf68faeab25174a755882070') in 0.171035 seconds 
  Import took 0.180613 seconds .

========================================================================
Received Import Request.
  Time since last request: 0.000521 seconds.
  path: Assets/Models/Foliage/Drzewo/Drzewo.fbx
  artifactKey: Guid(fc64cc433159adc4ba5e98c99388fe35) Importer(815301076,1909f56bfc062723c751e8b465ee728b)
Start importing Assets/Models/Foliage/Drzewo/Drzewo.fbx using Guid(fc64cc433159adc4ba5e98c99388fe35) Importer(815301076,1909f56bfc062723c751e8b465ee728b)  -> (artifact id: '8242de0a5afaa5bc8f4d4f4bdcf3099f') in 0.430259 seconds 
  Import took 0.441172 seconds .

========================================================================
Received Import Request.
  Time since last request: 0.000528 seconds.
  path: Assets/Models/Foliage/Kamyki/rpgpp_lt_rock_03.prefab
  artifactKey: Guid(0fd5be61d8c00de419d45d6bf745a69c) Importer(815301076,1909f56bfc062723c751e8b465ee728b)
Start importing Assets/Models/Foliage/Kamyki/rpgpp_lt_rock_03.prefab using Guid(0fd5be61d8c00de419d45d6bf745a69c) Importer(815301076,1909f56bfc062723c751e8b465ee728b)  -> (artifact id: '0f579e9a1054a95100b22f1f1869e517') in 0.065723 seconds 
  Import took 0.076582 seconds .

========================================================================
Received Import Request.
  Time since last request: 0.000628 seconds.
  path: Assets/Models/Foliage/Drzewo/Drzewo_bez_lisci_snieg2.fbx
  artifactKey: Guid(87f20415b62210d45aa2587ce97fe255) Importer(815301076,1909f56bfc062723c751e8b465ee728b)
Start importing Assets/Models/Foliage/Drzewo/Drzewo_bez_lisci_snieg2.fbx using Guid(87f20415b62210d45aa2587ce97fe255) Importer(815301076,1909f56bfc062723c751e8b465ee728b)  -> (artifact id: '3ff9bc0e18479869e14deb0d687b6daa') in 2.777341 seconds 
  Import took 2.786900 seconds .

========================================================================
Received Import Request.
  Time since last request: 0.000361 seconds.
  path: Assets/Models/Foliage/Drzewo/Drzewo_bez_lisci_snieg.fbx
  artifactKey: Guid(5da7920254530c540a1d060fca269f8e) Importer(815301076,1909f56bfc062723c751e8b465ee728b)
Start importing Assets/Models/Foliage/Drzewo/Drzewo_bez_lisci_snieg.fbx using Guid(5da7920254530c540a1d060fca269f8e) Importer(815301076,1909f56bfc062723c751e8b465ee728b)  -> (artifact id: '02fd2d4703d15e673a0784a592d3232e') in 0.194470 seconds 
  Import took 0.202927 seconds .

========================================================================
Received Import Request.
  Time since last request: 0.000537 seconds.
  path: Assets/Models/LMHPOLY_Assets/Models/Nature/rpgpp_lt_rocks_tiny_01.fbx
  artifactKey: Guid(2e716c43576f71b4aa87e6cb4ebeaeab) Importer(815301076,1909f56bfc062723c751e8b465ee728b)
Start importing Assets/Models/LMHPOLY_Assets/Models/Nature/rpgpp_lt_rocks_tiny_01.fbx using Guid(2e716c43576f71b4aa87e6cb4ebeaeab) Importer(815301076,1909f56bfc062723c751e8b465ee728b)  -> (artifact id: 'c00c9d9baa3e49e312fa4d4041d30311') in 0.122134 seconds 
  Import took 0.130412 seconds .

========================================================================
Received Import Request.
  Time since last request: 0.000398 seconds.
  path: Assets/Models/Foliage/kwaitki_trawa/rpgpp_lt_grass_small_01b.prefab
  artifactKey: Guid(e88b7bb02ae149940a5a0cddf34fe370) Importer(815301076,1909f56bfc062723c751e8b465ee728b)
Start importing Assets/Models/Foliage/kwaitki_trawa/rpgpp_lt_grass_small_01b.prefab using Guid(e88b7bb02ae149940a5a0cddf34fe370) Importer(815301076,1909f56bfc062723c751e8b465ee728b)  -> (artifact id: 'a394f8be32ab9d9d99f09b0341be0361') in 0.054543 seconds 
  Import took 0.063730 seconds .

========================================================================
Received Import Request.
  Time since last request: 0.000772 seconds.
  path: Assets/Models/Foliage/Drzewo/Drzewo_iglaste.fbx
  artifactKey: Guid(8058a1b492f261041bbfd11b55436bf5) Importer(815301076,1909f56bfc062723c751e8b465ee728b)
Start importing Assets/Models/Foliage/Drzewo/Drzewo_iglaste.fbx using Guid(8058a1b492f261041bbfd11b55436bf5) Importer(815301076,1909f56bfc062723c751e8b465ee728b)  -> (artifact id: 'ff78e8e74b20096af51a8034d978d05e') in 0.152640 seconds 
  Import took 0.161870 seconds .

========================================================================
Received Import Request.
  Time since last request: 0.000592 seconds.
  path: Assets/Models/Foliage/Kamyki/rpgpp_lt_rock_01.prefab
  artifactKey: Guid(6fc2010b5899cfd488a0ddf205679e2b) Importer(815301076,1909f56bfc062723c751e8b465ee728b)
Start importing Assets/Models/Foliage/Kamyki/rpgpp_lt_rock_01.prefab using Guid(6fc2010b5899cfd488a0ddf205679e2b) Importer(815301076,1909f56bfc062723c751e8b465ee728b)  -> (artifact id: '402b86f6fa6ee4f074e58149df9f9372') in 0.050487 seconds 
  Import took 0.059572 seconds .

========================================================================
Received Import Request.
  Time since last request: 0.000457 seconds.
  path: Assets/Models/Foliage/Kamyki/kamyk4.fbx
  artifactKey: Guid(a621f6946c8c5fd43947a53d3ea89b88) Importer(815301076,1909f56bfc062723c751e8b465ee728b)
Start importing Assets/Models/Foliage/Kamyki/kamyk4.fbx using Guid(a621f6946c8c5fd43947a53d3ea89b88) Importer(815301076,1909f56bfc062723c751e8b465ee728b)  -> (artifact id: '645befe8ef981f44986aedf08b649710') in 0.060378 seconds 
  Import took 0.072988 seconds .

========================================================================
Received Import Request.
  Time since last request: 0.000393 seconds.
  path: Assets/Models/Foliage/kwaitki_trawa/rpgpp_lt_flower_01.prefab
  artifactKey: Guid(1aad01ae01d836647b215e40f1f4c1a7) Importer(815301076,1909f56bfc062723c751e8b465ee728b)
Start importing Assets/Models/Foliage/kwaitki_trawa/rpgpp_lt_flower_01.prefab using Guid(1aad01ae01d836647b215e40f1f4c1a7) Importer(815301076,1909f56bfc062723c751e8b465ee728b)  -> (artifact id: '2062809f862ef7231b220669041f3254') in 0.049080 seconds 
  Import took 0.058096 seconds .

========================================================================
Received Prepare
Registering precompiled user dll's ...
Registered in 0.011902 seconds.
Begin MonoManager ReloadAssembly
Native extension for WindowsStandalone target not found
Native extension for WebGL target not found
Refreshing native plugins compatible for Editor in 1.23 ms, found 2 plugins.
Preloading 0 native plugins for Editor in 0.00 ms.
Mono: successfully reloaded assembly
- Completed reload, in  2.758 seconds
Domain Reload Profiling:
	ReloadAssembly (2759ms)
		BeginReloadAssembly (375ms)
			ExecutionOrderSort (1ms)
			DisableScriptedObjects (69ms)
			BackupInstance (0ms)
			ReleaseScriptingObjects (0ms)
			CreateAndSetChildDomain (76ms)
		EndReloadAssembly (2272ms)
			LoadAssemblies (219ms)
			RebuildTransferFunctionScriptingTraits (0ms)
			SetupTypeCache (686ms)
			ReleaseScriptCaches (3ms)
			RebuildScriptCaches (164ms)
			SetupLoadedEditorAssemblies (735ms)
				LogAssemblyErrors (0ms)
				InitializePlatformSupportModulesInManaged (8ms)
				SetLoadedEditorAssemblies (1ms)
				RefreshPlugins (1ms)
				BeforeProcessingInitializeOnLoad (176ms)
				ProcessInitializeOnLoadAttributes (525ms)
				ProcessInitializeOnLoadMethodAttributes (17ms)
				AfterProcessingInitializeOnLoad (7ms)
				EditorAssembliesLoaded (0ms)
			ExecutionOrderSort2 (0ms)
			AwakeInstancesAfterBackupRestoration (26ms)
Platform modules already initialized, skipping
Refreshing native plugins compatible for Editor in 1.26 ms, found 2 plugins.
Preloading 0 native plugins for Editor in 0.00 ms.
Unloading 3741 Unused Serialized files (Serialized files now loaded: 0)
System memory in use before: 191.7 MB.
System memory in use after: 191.9 MB.

Unloading 15 unused Assets to reduce memory usage. Loaded Objects now: 4684.
Total: 4.391900 ms (FindLiveObjects: 0.480800 ms CreateObjectMapping: 0.230000 ms MarkObjects: 3.654700 ms  DeleteObjects: 0.024700 ms)

AssetImportParameters requested are different than current active one (requested -> active):
  custom:framework-win-MediaFoundation: 216162199b28c13a410421893ffa2e32 -> 
  custom:video-decoder-ogg-theora: a1e56fd34408186e4bbccfd4996cb3dc -> 
  custom:container-muxer-webm: aa71ff27fc2769a1b78a27578f13a17b -> 
  custom:container-demuxer-webm: 4f35f7cbe854078d1ac9338744f61a02 -> 
  custom:container-demuxer-ogg: 62fdf1f143b41e24485cea50d1cbac27 -> 
  custom:video-encoder-webm-vp8: eb34c28f22e8b96e1ab97ce403110664 -> 
  custom:video-decoder-webm-vp8: 9c59270c3fd7afecdb556c50c9e8de78 -> 
  custom:audio-decoder-ogg-vorbis: bf7c407c2cedff20999df2af8eb42d56 -> 
  custom:audio-encoder-webm-vorbis: bf7c407c2cedff20999df2af8eb42d56 -> 
========================================================================
Received Import Request.
  Time since last request: 143.242280 seconds.
  path: Assets/Scenes/Minigierki/604_Kijow/604_Kijow_Konie.unity
  artifactKey: Guid(c27c4a96a561434469b1d0c7cd6de1f5) Importer(815301076,1909f56bfc062723c751e8b465ee728b)
Start importing Assets/Scenes/Minigierki/604_Kijow/604_Kijow_Konie.unity using Guid(c27c4a96a561434469b1d0c7cd6de1f5) Importer(815301076,1909f56bfc062723c751e8b465ee728b)  -> (artifact id: 'a323b5a3addee4c55e2ca540f8ec8757') in 0.052658 seconds 
  Import took 0.095392 seconds .

========================================================================
Received Import Request.
  Time since last request: 317.507498 seconds.
  path: Assets/Scenes/Minigierki/701_Zakopane/701_Zakopane_Strzelanie.unity
  artifactKey: Guid(9c7b2495bb30ea5489bec30a34f04d2a) Importer(815301076,1909f56bfc062723c751e8b465ee728b)
Start importing Assets/Scenes/Minigierki/701_Zakopane/701_Zakopane_Strzelanie.unity using Guid(9c7b2495bb30ea5489bec30a34f04d2a) Importer(815301076,1909f56bfc062723c751e8b465ee728b)  -> (artifact id: '09e4b2d217fdb1cf21dc0910754f31e2') in 0.179958 seconds 
  Import took 0.191874 seconds .

========================================================================
Received Import Request.
  Time since last request: 33.684849 seconds.
  path: Assets/Scenes/Minigierki/702_Krakow/702_Krakow_Picie.unity
  artifactKey: Guid(e4772431fca72224795cffa4d44b2c3e) Importer(815301076,1909f56bfc062723c751e8b465ee728b)
Start importing Assets/Scenes/Minigierki/702_Krakow/702_Krakow_Picie.unity using Guid(e4772431fca72224795cffa4d44b2c3e) Importer(815301076,1909f56bfc062723c751e8b465ee728b)  -> (artifact id: '17025b3d463386ea9269509273c42787') in 0.009656 seconds 
  Import took 0.018927 seconds .

========================================================================
Received Import Request.
  Time since last request: 31.362751 seconds.
  path: Assets/Scenes/Minigierki/702_Krakow/702_Krakow_Pojedynek.unity
  artifactKey: Guid(60ce4c2871df7ea4eb18a9cb35e8d5fb) Importer(815301076,1909f56bfc062723c751e8b465ee728b)
Start importing Assets/Scenes/Minigierki/702_Krakow/702_Krakow_Pojedynek.unity using Guid(60ce4c2871df7ea4eb18a9cb35e8d5fb) Importer(815301076,1909f56bfc062723c751e8b465ee728b)  -> (artifact id: '4344113e4f0026296fab06bee0d10026') in 0.163826 seconds 
  Import took 0.172875 seconds .

========================================================================
Received Prepare
Registering precompiled user dll's ...
Registered in 0.009788 seconds.
Begin MonoManager ReloadAssembly
Native extension for WindowsStandalone target not found
Native extension for WebGL target not found
Refreshing native plugins compatible for Editor in 1.23 ms, found 2 plugins.
Preloading 0 native plugins for Editor in 0.00 ms.
Mono: successfully reloaded assembly
- Completed reload, in  2.092 seconds
Domain Reload Profiling:
	ReloadAssembly (2093ms)
		BeginReloadAssembly (192ms)
			ExecutionOrderSort (0ms)
			DisableScriptedObjects (8ms)
			BackupInstance (0ms)
			ReleaseScriptingObjects (0ms)
			CreateAndSetChildDomain (49ms)
		EndReloadAssembly (1812ms)
			LoadAssemblies (185ms)
			RebuildTransferFunctionScriptingTraits (0ms)
			SetupTypeCache (525ms)
			ReleaseScriptCaches (2ms)
			RebuildScriptCaches (129ms)
			SetupLoadedEditorAssemblies (603ms)
				LogAssemblyErrors (0ms)
				InitializePlatformSupportModulesInManaged (9ms)
				SetLoadedEditorAssemblies (1ms)
				RefreshPlugins (1ms)
				BeforeProcessingInitializeOnLoad (149ms)
				ProcessInitializeOnLoadAttributes (425ms)
				ProcessInitializeOnLoadMethodAttributes (11ms)
				AfterProcessingInitializeOnLoad (7ms)
				EditorAssembliesLoaded (0ms)
			ExecutionOrderSort2 (0ms)
			AwakeInstancesAfterBackupRestoration (40ms)
Platform modules already initialized, skipping
Refreshing native plugins compatible for Editor in 1.91 ms, found 2 plugins.
Preloading 0 native plugins for Editor in 0.00 ms.
Unloading 3728 Unused Serialized files (Serialized files now loaded: 0)
System memory in use before: 190.9 MB.
System memory in use after: 191.1 MB.

Unloading 15 unused Assets to reduce memory usage. Loaded Objects now: 4686.
Total: 5.612200 ms (FindLiveObjects: 0.709700 ms CreateObjectMapping: 0.229200 ms MarkObjects: 4.643600 ms  DeleteObjects: 0.028000 ms)

AssetImportParameters requested are different than current active one (requested -> active):
  custom:framework-win-MediaFoundation: 216162199b28c13a410421893ffa2e32 -> 
  custom:video-decoder-ogg-theora: a1e56fd34408186e4bbccfd4996cb3dc -> 
  custom:container-muxer-webm: aa71ff27fc2769a1b78a27578f13a17b -> 
  custom:container-demuxer-webm: 4f35f7cbe854078d1ac9338744f61a02 -> 
  custom:container-demuxer-ogg: 62fdf1f143b41e24485cea50d1cbac27 -> 
  custom:video-encoder-webm-vp8: eb34c28f22e8b96e1ab97ce403110664 -> 
  custom:video-decoder-webm-vp8: 9c59270c3fd7afecdb556c50c9e8de78 -> 
  custom:audio-decoder-ogg-vorbis: bf7c407c2cedff20999df2af8eb42d56 -> 
  custom:audio-encoder-webm-vorbis: bf7c407c2cedff20999df2af8eb42d56 -> 
AssetImportWorkerClient::OnTransportError - code=2 error=End of file
